Using pre-set license
Built from '2020.3/staging' branch; Version is '2020.3.10f1 (297d780c91bc) revision 2719096'; Using compiler version '192528614'; Build Type 'Release'
OS: 'Windows 10 Enterprise; OS build 19041.1110; Version 2004; 64bit' Language: 'en' Physical Memory: 16332 MB
BatchMode: 1, IsHumanControllingUs: 0, StartBugReporterOnCrash: 0, Is64bit: 1, IsPro: 0

 COMMAND LINE ARGUMENTS:
C:\Program Files\Unity\2020.3.10f1\Editor\Unity.exe
-adb2
-batchMode
-noUpm
-name
AssetImportWorker0
-projectPath
C:/Users/Calquter/Documents/GitHub/TheNightmare2/AircraftFightMP/AircraftMP
-logFile
Logs/AssetImportWorker0.log
-srvPort
57583
Successfully changed project path to: C:/Users/Calquter/Documents/GitHub/TheNightmare2/AircraftFightMP/AircraftMP
C:/Users/Calquter/Documents/GitHub/TheNightmare2/AircraftFightMP/AircraftMP
Using Asset Import Pipeline V2.
Refreshing native plugins compatible for Editor in 56.97 ms, found 2 plugins.
Preloading 0 native plugins for Editor in 0.00 ms.
Initialize engine version: 2020.3.10f1 (297d780c91bc)
[Subsystems] Discovering subsystems at path C:/Program Files/Unity/2020.3.10f1/Editor/Data/Resources/UnitySubsystems
[Subsystems] Discovering subsystems at path C:/Users/Calquter/Documents/GitHub/TheNightmare2/AircraftFightMP/AircraftMP/Assets
GfxDevice: creating device client; threaded=0
Direct3D:
    Version:  Direct3D 11.0 [level 11.1]
    Renderer: Radeon RX 5500 XT (ID=0x7340)
    Vendor:   
    VRAM:     8151 MB
    Driver:   27.20.22001.16006
Initialize mono
Mono path[0] = 'C:/Program Files/Unity/2020.3.10f1/Editor/Data/Managed'
Mono path[1] = 'C:/Program Files/Unity/2020.3.10f1/Editor/Data/MonoBleedingEdge/lib/mono/unityjit'
Mono config path = 'C:/Program Files/Unity/2020.3.10f1/Editor/Data/MonoBleedingEdge/etc'
Using monoOptions --debugger-agent=transport=dt_socket,embedding=1,server=y,suspend=n,address=127.0.0.1:56064
Begin MonoManager ReloadAssembly
Registering precompiled unity dll's ...
Register platform support module: C:/Program Files/Unity/2020.3.10f1/Editor/Data/PlaybackEngines/WindowsStandaloneSupport/UnityEditor.WindowsStandalone.Extensions.dll
Registered in 0.002488 seconds.
Native extension for WindowsStandalone target not found
Refreshing native plugins compatible for Editor in 57.00 ms, found 2 plugins.
Preloading 0 native plugins for Editor in 0.00 ms.
Mono: successfully reloaded assembly
- Completed reload, in  2.520 seconds
Platform modules already initialized, skipping
Registering precompiled user dll's ...
Registered in 0.005873 seconds.
Begin MonoManager ReloadAssembly
Native extension for WindowsStandalone target not found
Refreshing native plugins compatible for Editor in 57.24 ms, found 2 plugins.
Preloading 0 native plugins for Editor in 0.00 ms.
Mono: successfully reloaded assembly
- Completed reload, in  1.554 seconds
Platform modules already initialized, skipping
========================================================================
Worker process is ready to serve import requests
Shader 'Universal Render Pipeline/Particles/Lit': fallback shader 'Universal Render Pipeline/Particles/SimpleLit' not found
Shader 'Universal Render Pipeline/Particles/Lit': fallback shader 'Universal Render Pipeline/Particles/SimpleLit' not found
Launched and connected shader compiler UnityShaderCompiler.exe after 0.09 seconds
Refreshing native plugins compatible for Editor in 0.66 ms, found 2 plugins.
Preloading 0 native plugins for Editor in 0.00 ms.
Unloading 2692 Unused Serialized files (Serialized files now loaded: 0)
System memory in use before: 123.1 MB.
System memory in use after: 120.3 MB.

Unloading 54 unused Assets to reduce memory usage. Loaded Objects now: 3094.
Total: 5.041600 ms (FindLiveObjects: 0.276500 ms CreateObjectMapping: 0.080200 ms MarkObjects: 2.645300 ms  DeleteObjects: 2.037300 ms)

========================================================================
Received Import Request.
  path: Assets/Scripts/CameraFollow.cs
  artifactKey: Guid(26e62d9e7446a7247bbde8c00fd84fad) Importer(815301076,1909f56bfc062723c751e8b465ee728b)
Start importing Assets/Scripts/CameraFollow.cs using Guid(26e62d9e7446a7247bbde8c00fd84fad) Importer(815301076,1909f56bfc062723c751e8b465ee728b)  -> (artifact id: '3e030e633975b0d7a0f21705884e44dc') in 0.061144 seconds
  Import took 0.067520 seconds .

========================================================================
Received Import Request.
  Time since last request: 24.658597 seconds.
  path: Assets/Scripts/Extentions.cs
  artifactKey: Guid(6c44841a81e34af4e9dfe626c77d4703) Importer(815301076,1909f56bfc062723c751e8b465ee728b)
Start importing Assets/Scripts/Extentions.cs using Guid(6c44841a81e34af4e9dfe626c77d4703) Importer(815301076,1909f56bfc062723c751e8b465ee728b)  -> (artifact id: 'd0c0c9cca4fbed7d4400ac136d346f3e') in 0.002913 seconds
  Import took 0.008147 seconds .

========================================================================
Received Prepare
Registering precompiled user dll's ...
Registered in 0.005602 seconds.
Begin MonoManager ReloadAssembly
Native extension for WindowsStandalone target not found
Refreshing native plugins compatible for Editor in 0.56 ms, found 2 plugins.
Preloading 0 native plugins for Editor in 0.00 ms.
Mono: successfully reloaded assembly
- Completed reload, in  1.212 seconds
Platform modules already initialized, skipping
Shader 'Universal Render Pipeline/Particles/Lit': fallback shader 'Universal Render Pipeline/Particles/SimpleLit' not found
Shader 'Universal Render Pipeline/Particles/Lit': fallback shader 'Universal Render Pipeline/Particles/SimpleLit' not found
Refreshing native plugins compatible for Editor in 0.59 ms, found 2 plugins.
Preloading 0 native plugins for Editor in 0.00 ms.
Unloading 2619 Unused Serialized files (Serialized files now loaded: 0)
System memory in use before: 119.6 MB.
System memory in use after: 116.9 MB.

Unloading 49 unused Assets to reduce memory usage. Loaded Objects now: 3098.
Total: 3.912400 ms (FindLiveObjects: 0.280600 ms CreateObjectMapping: 0.074700 ms MarkObjects: 2.087900 ms  DeleteObjects: 1.467900 ms)

========================================================================
Received Import Request.
  Time since last request: 1021.180386 seconds.
  path: Assets/Scripts/Extentions.cs
  artifactKey: Guid(6c44841a81e34af4e9dfe626c77d4703) Importer(815301076,1909f56bfc062723c751e8b465ee728b)
Start importing Assets/Scripts/Extentions.cs using Guid(6c44841a81e34af4e9dfe626c77d4703) Importer(815301076,1909f56bfc062723c751e8b465ee728b)  -> (artifact id: 'd1632fc0136527ce793e20d093b46931') in 0.006269 seconds
  Import took 0.010729 seconds .

========================================================================
Received Prepare
Registering precompiled user dll's ...
Registered in 0.005464 seconds.
Begin MonoManager ReloadAssembly
Native extension for WindowsStandalone target not found
Refreshing native plugins compatible for Editor in 0.80 ms, found 2 plugins.
Preloading 0 native plugins for Editor in 0.00 ms.
Mono: successfully reloaded assembly
- Completed reload, in  1.323 seconds
Platform modules already initialized, skipping
Shader 'Universal Render Pipeline/Particles/Lit': fallback shader 'Universal Render Pipeline/Particles/SimpleLit' not found
Shader 'Universal Render Pipeline/Particles/Lit': fallback shader 'Universal Render Pipeline/Particles/SimpleLit' not found
Refreshing native plugins compatible for Editor in 1.74 ms, found 2 plugins.
Preloading 0 native plugins for Editor in 0.00 ms.
Unloading 2618 Unused Serialized files (Serialized files now loaded: 0)
System memory in use before: 119.6 MB.
System memory in use after: 116.9 MB.

Unloading 50 unused Assets to reduce memory usage. Loaded Objects now: 3100.
Total: 6.311200 ms (FindLiveObjects: 0.317200 ms CreateObjectMapping: 0.079700 ms MarkObjects: 3.691800 ms  DeleteObjects: 2.220800 ms)

AssetImportWorkerClient::OnTransportError - code=2 error=End of file
