Using pre-set license
Built from '2020.3/staging' branch; Version is '2020.3.10f1 (297d780c91bc) revision 2719096'; Using compiler version '192528614'; Build Type 'Release'
OS: 'Windows 10 Enterprise; OS build 19041.1110; Version 2004; 64bit' Language: 'en' Physical Memory: 16332 MB
BatchMode: 1, IsHumanControllingUs: 0, StartBugReporterOnCrash: 0, Is64bit: 1, IsPro: 0

 COMMAND LINE ARGUMENTS:
C:\Program Files\Unity\2020.3.10f1\Editor\Unity.exe
-adb2
-batchMode
-noUpm
-name
AssetImportWorker0
-projectPath
C:/Users/Calquter/Documents/GitHub/TheNightmare2/AircraftFightMP/AircraftController
-logFile
Logs/AssetImportWorker0.log
-srvPort
65377
Successfully changed project path to: C:/Users/Calquter/Documents/GitHub/TheNightmare2/AircraftFightMP/AircraftController
C:/Users/Calquter/Documents/GitHub/TheNightmare2/AircraftFightMP/AircraftController
Using Asset Import Pipeline V2.
Refreshing native plugins compatible for Editor in 58.68 ms, found 2 plugins.
Preloading 0 native plugins for Editor in 0.00 ms.
Initialize engine version: 2020.3.10f1 (297d780c91bc)
[Subsystems] Discovering subsystems at path C:/Program Files/Unity/2020.3.10f1/Editor/Data/Resources/UnitySubsystems
[Subsystems] Discovering subsystems at path C:/Users/Calquter/Documents/GitHub/TheNightmare2/AircraftFightMP/AircraftController/Assets
GfxDevice: creating device client; threaded=0
Direct3D:
    Version:  Direct3D 11.0 [level 11.1]
    Renderer: Radeon RX 5500 XT (ID=0x7340)
    Vendor:   
    VRAM:     8151 MB
    Driver:   27.20.22021.1002
Initialize mono
Mono path[0] = 'C:/Program Files/Unity/2020.3.10f1/Editor/Data/Managed'
Mono path[1] = 'C:/Program Files/Unity/2020.3.10f1/Editor/Data/MonoBleedingEdge/lib/mono/unityjit'
Mono config path = 'C:/Program Files/Unity/2020.3.10f1/Editor/Data/MonoBleedingEdge/etc'
Using monoOptions --debugger-agent=transport=dt_socket,embedding=1,server=y,suspend=n,address=127.0.0.1:56036
Begin MonoManager ReloadAssembly
Registering precompiled unity dll's ...
Register platform support module: C:/Program Files/Unity/2020.3.10f1/Editor/Data/PlaybackEngines/WindowsStandaloneSupport/UnityEditor.WindowsStandalone.Extensions.dll
Registered in 0.002439 seconds.
Native extension for WindowsStandalone target not found
Refreshing native plugins compatible for Editor in 55.57 ms, found 2 plugins.
Preloading 0 native plugins for Editor in 0.00 ms.
Mono: successfully reloaded assembly
- Completed reload, in  2.527 seconds
Platform modules already initialized, skipping
Registering precompiled user dll's ...
Registered in 0.006252 seconds.
Begin MonoManager ReloadAssembly
Native extension for WindowsStandalone target not found
Refreshing native plugins compatible for Editor in 55.99 ms, found 2 plugins.
Preloading 0 native plugins for Editor in 0.00 ms.
Mono: successfully reloaded assembly
- Completed reload, in  1.338 seconds
Platform modules already initialized, skipping
========================================================================
Worker process is ready to serve import requests
Shader 'Universal Render Pipeline/Particles/Lit': fallback shader 'Universal Render Pipeline/Particles/SimpleLit' not found
Shader 'Universal Render Pipeline/Particles/Lit': fallback shader 'Universal Render Pipeline/Particles/SimpleLit' not found
Launched and connected shader compiler UnityShaderCompiler.exe after 0.06 seconds
Refreshing native plugins compatible for Editor in 0.49 ms, found 2 plugins.
Preloading 0 native plugins for Editor in 0.00 ms.
Unloading 2692 Unused Serialized files (Serialized files now loaded: 0)
System memory in use before: 123.2 MB.
System memory in use after: 120.5 MB.

Unloading 54 unused Assets to reduce memory usage. Loaded Objects now: 3094.
Total: 4.043000 ms (FindLiveObjects: 0.284100 ms CreateObjectMapping: 0.073000 ms MarkObjects: 2.250900 ms  DeleteObjects: 1.433700 ms)

========================================================================
Received Import Request.
  path: Assets/Scripts/CameraFollow.cs
  artifactKey: Guid(26e62d9e7446a7247bbde8c00fd84fad) Importer(815301076,1909f56bfc062723c751e8b465ee728b)
Start importing Assets/Scripts/CameraFollow.cs using Guid(26e62d9e7446a7247bbde8c00fd84fad) Importer(815301076,1909f56bfc062723c751e8b465ee728b)  -> (artifact id: '83041f623002e93e2927cb7f011029fe') in 0.029793 seconds
  Import took 0.034074 seconds .

========================================================================
Received Import Request.
  Time since last request: 21.034964 seconds.
  path: Assets/Scripts/AircraftController.cs
  artifactKey: Guid(2989c8b49c5c92441890a88ff5e7dd02) Importer(815301076,1909f56bfc062723c751e8b465ee728b)
Start importing Assets/Scripts/AircraftController.cs using Guid(2989c8b49c5c92441890a88ff5e7dd02) Importer(815301076,1909f56bfc062723c751e8b465ee728b)  -> (artifact id: '2879ab06da60d3f5004de682a5d8c387') in 0.002426 seconds
  Import took 0.008145 seconds .

========================================================================
Received Import Request.
  Time since last request: 0.031987 seconds.
  path: Assets/Scripts/AircraftController.cs
  artifactKey: Guid(2989c8b49c5c92441890a88ff5e7dd02) Importer(815301076,1909f56bfc062723c751e8b465ee728b)
Start importing Assets/Scripts/AircraftController.cs using Guid(2989c8b49c5c92441890a88ff5e7dd02) Importer(815301076,1909f56bfc062723c751e8b465ee728b)  -> (artifact id: '2879ab06da60d3f5004de682a5d8c387') in 0.002307 seconds
  Import took 0.006304 seconds .

========================================================================
Received Import Request.
  Time since last request: 1.193323 seconds.
  path: Assets/Scripts/Bullet.cs
  artifactKey: Guid(4fa40ec5a720446448d08e14474f515c) Importer(815301076,1909f56bfc062723c751e8b465ee728b)
Start importing Assets/Scripts/Bullet.cs using Guid(4fa40ec5a720446448d08e14474f515c) Importer(815301076,1909f56bfc062723c751e8b465ee728b)  -> (artifact id: 'c29daa881e412146d92a943bbcab1768') in 0.002676 seconds
  Import took 0.008763 seconds .

========================================================================
Received Import Request.
  Time since last request: 0.000337 seconds.
  path: Assets/Scripts/Bullet.cs
  artifactKey: Guid(4fa40ec5a720446448d08e14474f515c) Importer(815301076,1909f56bfc062723c751e8b465ee728b)
Start importing Assets/Scripts/Bullet.cs using Guid(4fa40ec5a720446448d08e14474f515c) Importer(815301076,1909f56bfc062723c751e8b465ee728b)  -> (artifact id: 'c29daa881e412146d92a943bbcab1768') in 0.002880 seconds
  Import took 0.007314 seconds .

